[21:23:18] [ServerMain/INFO]: Environment: Environment[accountsHost=https://api.mojang.com, sessionHost=https://sessionserver.mojang.com, servicesHost=https://api.minecraftservices.com, name=PROD]
[21:23:18] [ServerMain/INFO]: Found new data pack file/bukkit, loading it automatically
[21:23:21] [ServerMain/INFO]: Loaded 7 recipes
[21:23:22] [Server thread/INFO]: Starting minecraft server version 1.20.2
[21:23:22] [Server thread/INFO]: Loading properties
[21:23:22] [Server thread/INFO]: This server is running CraftBukkit version 3919-Spigot-dba3cdc-e42510b (MC: 1.20.2) (Implementing API version 1.20.2-R0.1-SNAPSHOT)
[21:23:23] [Server thread/INFO]: Server Ping Player Sample Count: 12
[21:23:23] [Server thread/INFO]: Using 4 threads for Netty based IO
[21:23:23] [Server thread/INFO]: Debug logging is disabled
[21:23:23] [Server thread/INFO]: Default game type: SURVIVAL
[21:23:23] [Server thread/INFO]: Generating keypair
[21:23:23] [Server thread/INFO]: Starting Minecraft server on *:25565
[21:23:24] [Server thread/INFO]: Using epoll channel type
[21:23:24] [Server thread/ERROR]: Could not load 'plugins/via.jar' in folder 'plugins'
org.bukkit.plugin.InvalidDescriptionException: Invalid plugin.yml
	at org.bukkit.plugin.java.JavaPluginLoader.getPluginDescription(JavaPluginLoader.java:170) ~[spigot-api-1.20.2-R0.1-SNAPSHOT.jar:?]
	at org.bukkit.plugin.SimplePluginManager.loadPlugins(SimplePluginManager.java:144) ~[spigot-api-1.20.2-R0.1-SNAPSHOT.jar:?]
	at org.bukkit.craftbukkit.v1_20_R2.CraftServer.loadPlugins(CraftServer.java:437) ~[spigot-1.20.2-R0.1-SNAPSHOT.jar:3919-Spigot-dba3cdc-e42510b]
	at net.minecraft.server.dedicated.DedicatedServer.e(DedicatedServer.java:219) ~[spigot-1.20.2-R0.1-SNAPSHOT.jar:3919-Spigot-dba3cdc-e42510b]
	at net.minecraft.server.MinecraftServer.w(MinecraftServer.java:954) ~[spigot-1.20.2-R0.1-SNAPSHOT.jar:3919-Spigot-dba3cdc-e42510b]
	at net.minecraft.server.MinecraftServer.lambda$0(MinecraftServer.java:298) ~[spigot-1.20.2-R0.1-SNAPSHOT.jar:3919-Spigot-dba3cdc-e42510b]
	at java.lang.Thread.run(Thread.java:1583) ~[?:?]
Caused by: java.io.FileNotFoundException: Jar does not contain plugin.yml
	... 7 more
[21:23:24] [Server thread/INFO]: [ViaVersion] Loading ViaVersion v4.8.1
[21:23:24] [Server thread/INFO]: [ViaVersion] ViaVersion 4.8.1 is now loaded. Registering protocol transformers and injecting...
[21:23:24] [Via-Mappingloader-0/INFO]: [ViaVersion] Loading block connection mappings ...
[21:23:25] [Server thread/INFO]: [ViaBackwards] Loading translations...
[21:23:25] [Server thread/INFO]: [ViaBackwards] Registering protocols...
[21:23:25] [Via-Mappingloader-0/INFO]: [ViaVersion] Using FastUtil Long2ObjectOpenHashMap for block connections
[21:23:25] [Server thread/INFO]: [ViaBackwards] Loading ViaBackwards v4.8.1
[21:23:25] [Server thread/WARN]: **** SERVER IS RUNNING IN OFFLINE/INSECURE MODE!
[21:23:25] [Server thread/WARN]: The server will make no attempt to authenticate usernames. Beware.
[21:23:25] [Server thread/WARN]: While this makes the game possible to play without internet access, it also opens up the ability for hackers to connect with any username they choose.
[21:23:25] [Server thread/WARN]: To change this, set "online-mode" to "true" in the server.properties file.
[21:23:25] [Server thread/INFO]: Preparing level "world"
[21:23:25] [Server thread/INFO]: -------- World Settings For [world] --------
[21:23:25] [Server thread/INFO]: View Distance: 10
[21:23:26] [Server thread/INFO]: Simulation Distance: 10
[21:23:26] [Server thread/INFO]: Item Despawn Rate: 6000
[21:23:26] [Server thread/INFO]: Item Merge Radius: 2.5
[21:23:26] [Server thread/INFO]: Allow Zombie Pigmen to spawn from portal blocks: true
[21:23:26] [Server thread/INFO]: Arrow Despawn Rate: 1200 Trident Respawn Rate:1200
[21:23:26] [Server thread/INFO]: Nerfing mobs spawned from spawners: false
[21:23:26] [Server thread/INFO]: Zombie Aggressive Towards Villager: true
[21:23:26] [Server thread/INFO]: Experience Merge Radius: 3.0
[21:23:26] [Server thread/INFO]: Mob Spawn Range: 6
[21:23:26] [Server thread/INFO]: Custom Map Seeds:  Village: 10387312 Desert: 14357617 Igloo: 14357618 Jungle: 14357619 Swamp: 14357620 Monument: 10387313 Ocean: 14357621 Shipwreck: 165745295 End City: 10387313 Slime: 987234911 Nether: 30084232 Mansion: 10387319 Fossil: 14357921 Portal: 34222645
[21:23:26] [Server thread/INFO]: Max TNT Explosions: 100
[21:23:26] [Server thread/INFO]: Tile Max Tick Time: 50ms Entity max Tick Time: 50ms
[21:23:26] [Server thread/INFO]: Cactus Growth Modifier: 100%
[21:23:26] [Server thread/INFO]: Cane Growth Modifier: 100%
[21:23:26] [Server thread/INFO]: Melon Growth Modifier: 100%
[21:23:26] [Server thread/INFO]: Mushroom Growth Modifier: 100%
[21:23:26] [Server thread/INFO]: Pumpkin Growth Modifier: 100%
[21:23:26] [Server thread/INFO]: Sapling Growth Modifier: 100%
[21:23:26] [Server thread/INFO]: Beetroot Growth Modifier: 100%
[21:23:26] [Server thread/INFO]: Carrot Growth Modifier: 100%
[21:23:26] [Server thread/INFO]: Potato Growth Modifier: 100%
[21:23:26] [Server thread/INFO]: Wheat Growth Modifier: 100%
[21:23:26] [Server thread/INFO]: NetherWart Growth Modifier: 100%
[21:23:26] [Server thread/INFO]: Vine Growth Modifier: 100%
[21:23:26] [Server thread/INFO]: Cocoa Growth Modifier: 100%
[21:23:26] [Server thread/INFO]: Bamboo Growth Modifier: 100%
[21:23:26] [Server thread/INFO]: SweetBerry Growth Modifier: 100%
[21:23:26] [Server thread/INFO]: Kelp Growth Modifier: 100%
[21:23:26] [Server thread/INFO]: TwistingVines Growth Modifier: 100%
[21:23:26] [Server thread/INFO]: WeepingVines Growth Modifier: 100%
[21:23:26] [Server thread/INFO]: CaveVines Growth Modifier: 100%
[21:23:26] [Server thread/INFO]: Entity Activation Range: An 32 / Mo 32 / Ra 48 / Mi 16 / Tiv true / Isa false
[21:23:26] [Server thread/INFO]: Entity Tracking Range: Pl 48 / An 48 / Mo 48 / Mi 32 / Di 128 / Other 64
[21:23:26] [Server thread/INFO]: Hopper Transfer: 8 Hopper Check: 1 Hopper Amount: 1 Hopper Can Load Chunks: false
[21:23:38] [Server thread/INFO]: -------- World Settings For [world_nether] --------
[21:23:38] [Server thread/INFO]: View Distance: 10
[21:23:38] [Server thread/INFO]: Simulation Distance: 10
[21:23:38] [Server thread/INFO]: Item Despawn Rate: 6000
[21:23:38] [Server thread/INFO]: Item Merge Radius: 2.5
[21:23:38] [Server thread/INFO]: Allow Zombie Pigmen to spawn from portal blocks: true
[21:23:38] [Server thread/INFO]: Arrow Despawn Rate: 1200 Trident Respawn Rate:1200
[21:23:38] [Server thread/INFO]: Nerfing mobs spawned from spawners: false
[21:23:38] [Server thread/INFO]: Zombie Aggressive Towards Villager: true
[21:23:38] [Server thread/INFO]: Experience Merge Radius: 3.0
[21:23:38] [Server thread/INFO]: Mob Spawn Range: 6
[21:23:38] [Server thread/INFO]: Custom Map Seeds:  Village: 10387312 Desert: 14357617 Igloo: 14357618 Jungle: 14357619 Swamp: 14357620 Monument: 10387313 Ocean: 14357621 Shipwreck: 165745295 End City: 10387313 Slime: 987234911 Nether: 30084232 Mansion: 10387319 Fossil: 14357921 Portal: 34222645
[21:23:38] [Server thread/INFO]: Max TNT Explosions: 100
[21:23:38] [Server thread/INFO]: Tile Max Tick Time: 50ms Entity max Tick Time: 50ms
[21:23:38] [Server thread/INFO]: Cactus Growth Modifier: 100%
[21:23:38] [Server thread/INFO]: Cane Growth Modifier: 100%
[21:23:38] [Server thread/INFO]: Melon Growth Modifier: 100%
[21:23:38] [Server thread/INFO]: Mushroom Growth Modifier: 100%
[21:23:38] [Server thread/INFO]: Pumpkin Growth Modifier: 100%
[21:23:38] [Server thread/INFO]: Sapling Growth Modifier: 100%
[21:23:38] [Server thread/INFO]: Beetroot Growth Modifier: 100%
[21:23:38] [Server thread/INFO]: Carrot Growth Modifier: 100%
[21:23:38] [Server thread/INFO]: Potato Growth Modifier: 100%
[21:23:38] [Server thread/INFO]: Wheat Growth Modifier: 100%
[21:23:38] [Server thread/INFO]: NetherWart Growth Modifier: 100%
[21:23:38] [Server thread/INFO]: Vine Growth Modifier: 100%
[21:23:38] [Server thread/INFO]: Cocoa Growth Modifier: 100%
[21:23:38] [Server thread/INFO]: Bamboo Growth Modifier: 100%
[21:23:38] [Server thread/INFO]: SweetBerry Growth Modifier: 100%
[21:23:38] [Server thread/INFO]: Kelp Growth Modifier: 100%
[21:23:38] [Server thread/INFO]: TwistingVines Growth Modifier: 100%
[21:23:38] [Server thread/INFO]: WeepingVines Growth Modifier: 100%
[21:23:38] [Server thread/INFO]: CaveVines Growth Modifier: 100%
[21:23:38] [Server thread/INFO]: Entity Activation Range: An 32 / Mo 32 / Ra 48 / Mi 16 / Tiv true / Isa false
[21:23:38] [Server thread/INFO]: Entity Tracking Range: Pl 48 / An 48 / Mo 48 / Mi 32 / Di 128 / Other 64
[21:23:38] [Server thread/INFO]: Hopper Transfer: 8 Hopper Check: 1 Hopper Amount: 1 Hopper Can Load Chunks: false
[21:23:40] [Server thread/INFO]: -------- World Settings For [world_the_end] --------
[21:23:40] [Server thread/INFO]: View Distance: 10
[21:23:40] [Server thread/INFO]: Simulation Distance: 10
[21:23:40] [Server thread/INFO]: Item Despawn Rate: 6000
[21:23:40] [Server thread/INFO]: Item Merge Radius: 2.5
[21:23:40] [Server thread/INFO]: Allow Zombie Pigmen to spawn from portal blocks: true
[21:23:40] [Server thread/INFO]: Arrow Despawn Rate: 1200 Trident Respawn Rate:1200
[21:23:40] [Server thread/INFO]: Nerfing mobs spawned from spawners: false
[21:23:40] [Server thread/INFO]: Zombie Aggressive Towards Villager: true
[21:23:40] [Server thread/INFO]: Experience Merge Radius: 3.0
[21:23:40] [Server thread/INFO]: Mob Spawn Range: 6
[21:23:40] [Server thread/INFO]: Custom Map Seeds:  Village: 10387312 Desert: 14357617 Igloo: 14357618 Jungle: 14357619 Swamp: 14357620 Monument: 10387313 Ocean: 14357621 Shipwreck: 165745295 End City: 10387313 Slime: 987234911 Nether: 30084232 Mansion: 10387319 Fossil: 14357921 Portal: 34222645
[21:23:40] [Server thread/INFO]: Max TNT Explosions: 100
[21:23:40] [Server thread/INFO]: Tile Max Tick Time: 50ms Entity max Tick Time: 50ms
[21:23:40] [Server thread/INFO]: Cactus Growth Modifier: 100%
[21:23:40] [Server thread/INFO]: Cane Growth Modifier: 100%
[21:23:40] [Server thread/INFO]: Melon Growth Modifier: 100%
[21:23:40] [Server thread/INFO]: Mushroom Growth Modifier: 100%
[21:23:40] [Server thread/INFO]: Pumpkin Growth Modifier: 100%
[21:23:40] [Server thread/INFO]: Sapling Growth Modifier: 100%
[21:23:40] [Server thread/INFO]: Beetroot Growth Modifier: 100%
[21:23:40] [Server thread/INFO]: Carrot Growth Modifier: 100%
[21:23:40] [Server thread/INFO]: Potato Growth Modifier: 100%
[21:23:40] [Server thread/INFO]: Wheat Growth Modifier: 100%
[21:23:40] [Server thread/INFO]: NetherWart Growth Modifier: 100%
[21:23:40] [Server thread/INFO]: Vine Growth Modifier: 100%
[21:23:40] [Server thread/INFO]: Cocoa Growth Modifier: 100%
[21:23:40] [Server thread/INFO]: Bamboo Growth Modifier: 100%
[21:23:40] [Server thread/INFO]: SweetBerry Growth Modifier: 100%
[21:23:40] [Server thread/INFO]: Kelp Growth Modifier: 100%
[21:23:40] [Server thread/INFO]: TwistingVines Growth Modifier: 100%
[21:23:40] [Server thread/INFO]: WeepingVines Growth Modifier: 100%
[21:23:40] [Server thread/INFO]: CaveVines Growth Modifier: 100%
[21:23:40] [Server thread/INFO]: Entity Activation Range: An 32 / Mo 32 / Ra 48 / Mi 16 / Tiv true / Isa false
[21:23:40] [Server thread/INFO]: Entity Tracking Range: Pl 48 / An 48 / Mo 48 / Mi 32 / Di 128 / Other 64
[21:23:40] [Server thread/INFO]: Hopper Transfer: 8 Hopper Check: 1 Hopper Amount: 1 Hopper Can Load Chunks: false
[21:23:41] [Server thread/INFO]: Preparing start region for dimension minecraft:overworld
[21:23:43] [Worker-Main-1/INFO]: Preparing spawn area: 0%
[21:23:43] [Worker-Main-1/INFO]: Preparing spawn area: 0%
[21:23:43] [Worker-Main-1/INFO]: Preparing spawn area: 0%
[21:23:43] [Worker-Main-1/INFO]: Preparing spawn area: 0%
[21:23:43] [Worker-Main-1/INFO]: Preparing spawn area: 0%
[21:23:44] [Worker-Main-1/INFO]: Preparing spawn area: 0%
[21:23:44] [Worker-Main-1/INFO]: Preparing spawn area: 0%
[21:23:45] [Worker-Main-1/INFO]: Preparing spawn area: 0%
[21:23:45] [Worker-Main-1/INFO]: Preparing spawn area: 0%
[21:23:46] [Worker-Main-1/INFO]: Preparing spawn area: 0%
[21:23:46] [Worker-Main-1/INFO]: Preparing spawn area: 0%
[21:23:47] [Worker-Main-1/INFO]: Preparing spawn area: 0%
[21:23:48] [Worker-Main-1/INFO]: Preparing spawn area: 0%
[21:23:48] [Worker-Main-1/INFO]: Preparing spawn area: 0%
[21:23:48] [Worker-Main-1/INFO]: Preparing spawn area: 0%
[21:23:49] [Worker-Main-1/INFO]: Preparing spawn area: 0%
[21:23:50] [Worker-Main-1/INFO]: Preparing spawn area: 0%
[21:23:50] [Worker-Main-1/INFO]: Preparing spawn area: 0%
[21:23:51] [Worker-Main-1/INFO]: Preparing spawn area: 0%
[21:23:51] [Worker-Main-1/INFO]: Preparing spawn area: 0%
[21:23:52] [Worker-Main-1/INFO]: Preparing spawn area: 0%
[21:23:52] [Worker-Main-1/INFO]: Preparing spawn area: 0%
[21:23:52] [Worker-Main-1/INFO]: Preparing spawn area: 0%
[21:23:53] [Worker-Main-1/INFO]: Preparing spawn area: 0%
[21:23:53] [Worker-Main-1/INFO]: Preparing spawn area: 0%
[21:23:54] [Worker-Main-1/INFO]: Preparing spawn area: 0%
[21:23:54] [Worker-Main-1/INFO]: Preparing spawn area: 0%
[21:23:55] [Worker-Main-1/INFO]: Preparing spawn area: 0%
[21:23:55] [Worker-Main-1/INFO]: Preparing spawn area: 0%
[21:23:56] [Worker-Main-1/INFO]: Preparing spawn area: 0%
[21:23:56] [Worker-Main-1/INFO]: Preparing spawn area: 0%
[21:23:57] [Worker-Main-1/INFO]: Preparing spawn area: 0%
[21:23:58] [Worker-Main-1/INFO]: Preparing spawn area: 0%
[21:23:58] [Worker-Main-1/INFO]: Preparing spawn area: 0%
[21:23:58] [Worker-Main-1/INFO]: Preparing spawn area: 0%
[21:23:59] [Worker-Main-1/INFO]: Preparing spawn area: 0%
[21:23:59] [Worker-Main-1/INFO]: Preparing spawn area: 0%
[21:24:00] [Worker-Main-1/INFO]: Preparing spawn area: 0%
[21:24:00] [Worker-Main-1/INFO]: Preparing spawn area: 0%
[21:24:01] [Worker-Main-1/INFO]: Preparing spawn area: 0%
[21:24:01] [Worker-Main-1/INFO]: Preparing spawn area: 0%
[21:24:02] [Worker-Main-1/INFO]: Preparing spawn area: 0%
[21:24:02] [Worker-Main-1/INFO]: Preparing spawn area: 0%
[21:24:03] [Worker-Main-1/INFO]: Preparing spawn area: 0%
[21:24:03] [Worker-Main-1/INFO]: Preparing spawn area: 0%
[21:24:04] [Worker-Main-1/INFO]: Preparing spawn area: 0%
[21:24:04] [Worker-Main-1/INFO]: Preparing spawn area: 0%
[21:24:05] [Worker-Main-1/INFO]: Preparing spawn area: 0%
[21:24:05] [Worker-Main-1/INFO]: Preparing spawn area: 0%
[21:24:06] [Worker-Main-1/INFO]: Preparing spawn area: 0%
[21:24:07] [Worker-Main-1/INFO]: Preparing spawn area: 0%
[21:24:07] [Worker-Main-1/INFO]: Preparing spawn area: 0%
[21:24:07] [Worker-Main-1/INFO]: Preparing spawn area: 0%
[21:24:08] [Worker-Main-1/INFO]: Preparing spawn area: 0%
[21:24:08] [Worker-Main-1/INFO]: Preparing spawn area: 0%
[21:24:09] [Worker-Main-1/INFO]: Preparing spawn area: 0%
[21:24:10] [Worker-Main-1/INFO]: Preparing spawn area: 0%
[21:24:10] [Worker-Main-1/INFO]: Preparing spawn area: 0%
[21:24:10] [Worker-Main-1/INFO]: Preparing spawn area: 0%
[21:24:11] [Worker-Main-1/INFO]: Preparing spawn area: 0%
[21:24:11] [Worker-Main-1/INFO]: Preparing spawn area: 0%
[21:24:12] [Worker-Main-1/INFO]: Preparing spawn area: 0%
[21:24:12] [Worker-Main-1/INFO]: Preparing spawn area: 0%
[21:24:13] [Worker-Main-1/INFO]: Preparing spawn area: 0%
[21:24:13] [Worker-Main-1/INFO]: Preparing spawn area: 0%
[21:24:14] [Worker-Main-1/INFO]: Preparing spawn area: 0%
[21:24:14] [Worker-Main-1/INFO]: Preparing spawn area: 0%
[21:24:15] [Worker-Main-1/INFO]: Preparing spawn area: 0%
[21:24:16] [Worker-Main-1/INFO]: Preparing spawn area: 0%
[21:24:16] [Worker-Main-1/INFO]: Preparing spawn area: 0%
[21:24:16] [Worker-Main-1/INFO]: Preparing spawn area: 0%
[21:24:17] [Worker-Main-1/INFO]: Preparing spawn area: 0%
[21:24:17] [Worker-Main-1/INFO]: Preparing spawn area: 0%
[21:24:18] [Worker-Main-1/INFO]: Preparing spawn area: 0%
[21:24:18] [Worker-Main-1/INFO]: Preparing spawn area: 0%
[21:24:19] [Worker-Main-1/INFO]: Preparing spawn area: 0%
[21:24:19] [Worker-Main-1/INFO]: Preparing spawn area: 0%
[21:24:20] [Worker-Main-1/INFO]: Preparing spawn area: 0%
[21:24:21] [Worker-Main-1/INFO]: Preparing spawn area: 0%
[21:24:21] [Worker-Main-1/INFO]: Preparing spawn area: 0%
[21:24:21] [Worker-Main-1/INFO]: Preparing spawn area: 0%
[21:24:22] [Worker-Main-1/INFO]: Preparing spawn area: 0%
[21:24:22] [Worker-Main-1/INFO]: Preparing spawn area: 0%
[21:24:23] [Worker-Main-1/INFO]: Preparing spawn area: 0%
[21:24:23] [Worker-Main-1/INFO]: Preparing spawn area: 0%
[21:24:24] [Worker-Main-1/INFO]: Preparing spawn area: 0%
[21:24:24] [Worker-Main-1/INFO]: Preparing spawn area: 0%
[21:24:25] [Worker-Main-1/INFO]: Preparing spawn area: 0%
[21:24:25] [Worker-Main-1/INFO]: Preparing spawn area: 0%
[21:24:26] [Worker-Main-1/INFO]: Preparing spawn area: 0%
[21:24:26] [Worker-Main-1/INFO]: Preparing spawn area: 0%
[21:24:27] [Worker-Main-1/INFO]: Preparing spawn area: 0%
[21:24:27] [Worker-Main-1/INFO]: Preparing spawn area: 0%
[21:24:28] [Worker-Main-1/INFO]: Preparing spawn area: 0%
[21:24:28] [Worker-Main-1/INFO]: Preparing spawn area: 0%
[21:24:29] [Worker-Main-1/INFO]: Preparing spawn area: 0%
[21:24:29] [Worker-Main-1/INFO]: Preparing spawn area: 0%
[21:24:30] [Worker-Main-1/INFO]: Preparing spawn area: 0%
[21:24:31] [Worker-Main-1/INFO]: Preparing spawn area: 0%
[21:24:31] [Worker-Main-1/INFO]: Preparing spawn area: 10%
[21:24:32] [Worker-Main-1/INFO]: Preparing spawn area: 24%
[21:24:32] [Worker-Main-1/INFO]: Preparing spawn area: 86%
[21:24:34] [Server thread/INFO]: Time elapsed: 52415 ms
[21:24:34] [Server thread/INFO]: Preparing start region for dimension minecraft:the_nether
[21:24:34] [Worker-Main-6/INFO]: Preparing spawn area: 0%
[21:24:34] [Worker-Main-6/INFO]: Preparing spawn area: 0%
[21:24:35] [Worker-Main-6/INFO]: Preparing spawn area: 0%
[21:24:36] [Worker-Main-6/INFO]: Preparing spawn area: 0%
[21:24:36] [Worker-Main-6/INFO]: Preparing spawn area: 0%
[21:24:36] [Worker-Main-6/INFO]: Preparing spawn area: 0%
[21:24:37] [Worker-Main-6/INFO]: Preparing spawn area: 0%
[21:24:37] [Worker-Main-6/INFO]: Preparing spawn area: 0%
[21:24:38] [Worker-Main-6/INFO]: Preparing spawn area: 0%
[21:24:38] [Worker-Main-6/INFO]: Preparing spawn area: 0%
[21:24:39] [Worker-Main-6/INFO]: Preparing spawn area: 0%
[21:24:39] [Worker-Main-6/INFO]: Preparing spawn area: 0%
[21:24:40] [Worker-Main-6/INFO]: Preparing spawn area: 0%
[21:24:40] [Worker-Main-6/INFO]: Preparing spawn area: 0%
[21:24:41] [Worker-Main-6/INFO]: Preparing spawn area: 0%
[21:24:41] [Worker-Main-6/INFO]: Preparing spawn area: 0%
[21:24:42] [Worker-Main-6/INFO]: Preparing spawn area: 0%
[21:24:42] [Worker-Main-6/INFO]: Preparing spawn area: 0%
[21:24:43] [Worker-Main-6/INFO]: Preparing spawn area: 0%
[21:24:43] [Worker-Main-6/INFO]: Preparing spawn area: 0%
[21:24:44] [Worker-Main-6/INFO]: Preparing spawn area: 0%
[21:24:44] [Worker-Main-6/INFO]: Preparing spawn area: 0%
[21:24:45] [Worker-Main-6/INFO]: Preparing spawn area: 0%
[21:24:45] [Worker-Main-6/INFO]: Preparing spawn area: 0%
[21:24:46] [Worker-Main-6/INFO]: Preparing spawn area: 0%
[21:24:46] [Worker-Main-6/INFO]: Preparing spawn area: 0%
[21:24:47] [Worker-Main-6/INFO]: Preparing spawn area: 0%
[21:24:47] [Worker-Main-6/INFO]: Preparing spawn area: 0%
[21:24:48] [Worker-Main-6/INFO]: Preparing spawn area: 0%
[21:24:48] [Worker-Main-6/INFO]: Preparing spawn area: 0%
[21:24:49] [Worker-Main-6/INFO]: Preparing spawn area: 0%
[21:24:49] [Worker-Main-6/INFO]: Preparing spawn area: 0%
[21:24:50] [Worker-Main-6/INFO]: Preparing spawn area: 0%
[21:24:50] [Worker-Main-6/INFO]: Preparing spawn area: 0%
[21:24:51] [Worker-Main-6/INFO]: Preparing spawn area: 0%
[21:24:51] [Worker-Main-6/INFO]: Preparing spawn area: 0%
[21:24:52] [Worker-Main-6/INFO]: Preparing spawn area: 0%
[21:24:52] [Worker-Main-6/INFO]: Preparing spawn area: 0%
[21:24:53] [Worker-Main-6/INFO]: Preparing spawn area: 0%
[21:24:54] [Worker-Main-6/INFO]: Preparing spawn area: 64%
[21:24:54] [Server thread/INFO]: Time elapsed: 19774 ms
[21:24:54] [Server thread/INFO]: Preparing start region for dimension minecraft:the_end
[21:24:55] [Worker-Main-6/INFO]: Preparing spawn area: 0%
[21:24:55] [Worker-Main-6/INFO]: Preparing spawn area: 0%
[21:24:55] [Worker-Main-6/INFO]: Preparing spawn area: 0%
[21:24:55] [Worker-Main-6/INFO]: Preparing spawn area: 0%
[21:24:56] [Worker-Main-6/INFO]: Preparing spawn area: 0%
[21:24:56] [Worker-Main-6/INFO]: Preparing spawn area: 0%
[21:24:57] [Worker-Main-6/INFO]: Preparing spawn area: 0%
[21:24:57] [Worker-Main-6/INFO]: Preparing spawn area: 0%
[21:24:58] [Worker-Main-6/INFO]: Preparing spawn area: 0%
[21:24:58] [Worker-Main-6/INFO]: Preparing spawn area: 0%
[21:24:59] [Server thread/INFO]: Time elapsed: 4991 ms
[21:24:59] [Server thread/INFO]: [ViaVersion] Enabling ViaVersion v4.8.1
[21:24:59] [Server thread/WARN]: [ViaVersion] Couldn't find reflection methods/fields to access Channel from player.
Login race condition fixer will be disabled.
 Some plugins that use ViaAPI on join event may work incorrectly.
java.lang.NoSuchFieldException: NetworkManager
	at com.viaversion.viaversion.bukkit.listeners.JoinListener.findField(JoinListener.java:80) ~[?:?]
	at com.viaversion.viaversion.bukkit.listeners.JoinListener.<clinit>(JoinListener.java:50) ~[?:?]
	at com.viaversion.viaversion.ViaVersionPlugin.onEnable(ViaVersionPlugin.java:109) ~[?:?]
	at org.bukkit.plugin.java.JavaPlugin.setEnabled(JavaPlugin.java:266) ~[spigot-api-1.20.2-R0.1-SNAPSHOT.jar:?]
	at org.bukkit.plugin.java.JavaPluginLoader.enablePlugin(JavaPluginLoader.java:342) ~[spigot-api-1.20.2-R0.1-SNAPSHOT.jar:?]
	at org.bukkit.plugin.SimplePluginManager.enablePlugin(SimplePluginManager.java:480) ~[spigot-api-1.20.2-R0.1-SNAPSHOT.jar:?]
	at org.bukkit.craftbukkit.v1_20_R2.CraftServer.enablePlugin(CraftServer.java:548) ~[spigot-1.20.2-R0.1-SNAPSHOT.jar:3919-Spigot-dba3cdc-e42510b]
	at org.bukkit.craftbukkit.v1_20_R2.CraftServer.enablePlugins(CraftServer.java:462) ~[spigot-1.20.2-R0.1-SNAPSHOT.jar:3919-Spigot-dba3cdc-e42510b]
	at net.minecraft.server.MinecraftServer.loadWorld0(MinecraftServer.java:577) ~[spigot-1.20.2-R0.1-SNAPSHOT.jar:3919-Spigot-dba3cdc-e42510b]
	at net.minecraft.server.MinecraftServer.loadLevel(MinecraftServer.java:400) ~[spigot-1.20.2-R0.1-SNAPSHOT.jar:3919-Spigot-dba3cdc-e42510b]
	at net.minecraft.server.dedicated.DedicatedServer.e(DedicatedServer.java:250) ~[spigot-1.20.2-R0.1-SNAPSHOT.jar:3919-Spigot-dba3cdc-e42510b]
	at net.minecraft.server.MinecraftServer.w(MinecraftServer.java:954) ~[spigot-1.20.2-R0.1-SNAPSHOT.jar:3919-Spigot-dba3cdc-e42510b]
	at net.minecraft.server.MinecraftServer.lambda$0(MinecraftServer.java:298) ~[spigot-1.20.2-R0.1-SNAPSHOT.jar:3919-Spigot-dba3cdc-e42510b]
	at java.lang.Thread.run(Thread.java:1583) ~[?:?]
[21:24:59] [Server thread/INFO]: [ViaVersion] ViaVersion detected server version: 1.20.2 (764)
[21:24:59] [Server thread/INFO]: [ViaBackwards] Enabling ViaBackwards v4.8.1
[21:24:59] [Server thread/INFO]: Server permissions file permissions.yml is empty, ignoring it
[21:24:59] [Server thread/INFO]: Done (93.672s)! For help, type "help"
[21:24:59] [Craft Scheduler Thread - 1/INFO]: [ViaVersion] Finished mapping loading, shutting down loader executor!
[21:25:00] [Server thread/WARN]: [ViaVersion] There is a newer plugin version available: 4.10.2, you're on: 4.8.1
[21:25:05] [Server thread/INFO]: Unknown command. Type "/help" for help.[m
[21:25:08] [Server thread/INFO]: Stopping the server
[21:25:08] [Server thread/INFO]: Stopping server
[21:25:08] [Server thread/INFO]: [ViaBackwards] Disabling ViaBackwards v4.8.1
[21:25:08] [Server thread/INFO]: [ViaVersion] Disabling ViaVersion v4.8.1
[21:25:08] [Server thread/INFO]: [ViaVersion] ViaVersion is disabling, if this is a reload and you experience issues consider rebooting.
[21:25:08] [Server thread/INFO]: Saving players
[21:25:08] [Server thread/INFO]: Saving worlds
[21:25:11] [Server thread/INFO]: Saving chunks for level 'ServerLevel[world]'/minecraft:overworld
[21:26:13] [Spigot Watchdog Thread/ERROR]: ------------------------------
[21:26:13] [Spigot Watchdog Thread/ERROR]: The server has stopped responding! This is (probably) not a Spigot bug.
[21:26:13] [Spigot Watchdog Thread/ERROR]: If you see a plugin in the Server thread dump below, then please report it to that author
[21:26:13] [Spigot Watchdog Thread/ERROR]: 	 *Especially* if it looks like HTTP or MySQL operations are occurring
[21:26:13] [Spigot Watchdog Thread/ERROR]: If you see a world save or edit, then it means you did far more than your server can handle at once
[21:26:13] [Spigot Watchdog Thread/ERROR]: 	 If this is the case, consider increasing timeout-time in spigot.yml but note that this will replace the crash with LARGE lag spikes
[21:26:13] [Spigot Watchdog Thread/ERROR]: If you are unsure or still think this is a Spigot bug, please report to https://www.spigotmc.org/
[21:26:13] [Spigot Watchdog Thread/ERROR]: Be sure to include ALL relevant console errors and Minecraft crash reports
[21:26:13] [Spigot Watchdog Thread/ERROR]: Spigot version: 3919-Spigot-dba3cdc-e42510b (MC: 1.20.2)
[21:26:13] [Spigot Watchdog Thread/ERROR]: ------------------------------
[21:26:13] [Spigot Watchdog Thread/ERROR]: Server thread dump (Look for plugins here before reporting to Spigot!):
[21:26:13] [Spigot Watchdog Thread/ERROR]: ------------------------------
[21:26:13] [Spigot Watchdog Thread/ERROR]: Current Thread: Server thread
[21:26:13] [Spigot Watchdog Thread/ERROR]: 	PID: 31 | Suspended: false | Native: false | State: WAITING
[21:26:13] [Spigot Watchdog Thread/ERROR]: 	Stack:
[21:26:13] [Spigot Watchdog Thread/ERROR]: 		java.base@21.0.2/jdk.internal.misc.Unsafe.park(Native Method)
[21:26:13] [Spigot Watchdog Thread/ERROR]: 		java.base@21.0.2/java.util.concurrent.locks.LockSupport.park(LockSupport.java:221)
[21:26:13] [Spigot Watchdog Thread/ERROR]: 		java.base@21.0.2/java.util.concurrent.CompletableFuture$Signaller.block(CompletableFuture.java:1864)
[21:26:13] [Spigot Watchdog Thread/ERROR]: 		java.base@21.0.2/java.util.concurrent.ForkJoinPool.unmanagedBlock(ForkJoinPool.java:3780)
[21:26:13] [Spigot Watchdog Thread/ERROR]: 		java.base@21.0.2/java.util.concurrent.ForkJoinPool.managedBlock(ForkJoinPool.java:3725)
[21:26:13] [Spigot Watchdog Thread/ERROR]: 		java.base@21.0.2/java.util.concurrent.CompletableFuture.waitingGet(CompletableFuture.java:1898)
[21:26:13] [Spigot Watchdog Thread/ERROR]: 		java.base@21.0.2/java.util.concurrent.CompletableFuture.join(CompletableFuture.java:2117)
[21:26:13] [Spigot Watchdog Thread/ERROR]: 		net.minecraft.world.level.chunk.storage.IChunkLoader.o(IChunkLoader.java:171)
[21:26:13] [Spigot Watchdog Thread/ERROR]: 		net.minecraft.server.level.PlayerChunkMap.a(PlayerChunkMap.java:517)
[21:26:13] [Spigot Watchdog Thread/ERROR]: 		net.minecraft.server.level.ChunkProviderServer.a(ChunkProviderServer.java:348)
[21:26:13] [Spigot Watchdog Thread/ERROR]: 		net.minecraft.server.level.WorldServer.a(WorldServer.java:924)
[21:26:13] [Spigot Watchdog Thread/ERROR]: 		net.minecraft.server.MinecraftServer.a(MinecraftServer.java:778)
[21:26:13] [Spigot Watchdog Thread/ERROR]: 		net.minecraft.server.MinecraftServer.t(MinecraftServer.java:890)
[21:26:13] [Spigot Watchdog Thread/ERROR]: 		net.minecraft.server.dedicated.DedicatedServer.t(DedicatedServer.java:697)
[21:26:13] [Spigot Watchdog Thread/ERROR]: 		net.minecraft.server.MinecraftServer.w(MinecraftServer.java:1029)
[21:26:13] [Spigot Watchdog Thread/ERROR]: 		net.minecraft.server.MinecraftServer.lambda$0(MinecraftServer.java:298)
[21:26:13] [Spigot Watchdog Thread/ERROR]: 		net.minecraft.server.MinecraftServer$$Lambda/0x000070de089b8000.run(Unknown Source)
[21:26:13] [Spigot Watchdog Thread/ERROR]: 		java.base@21.0.2/java.lang.Thread.runWith(Thread.java:1596)
[21:26:13] [Spigot Watchdog Thread/ERROR]: 		java.base@21.0.2/java.lang.Thread.run(Thread.java:1583)
[21:26:13] [Spigot Watchdog Thread/ERROR]: ------------------------------
[21:26:13] [Spigot Watchdog Thread/ERROR]: Entire Thread Dump:
[21:26:13] [Spigot Watchdog Thread/ERROR]: ------------------------------
[21:26:13] [Spigot Watchdog Thread/ERROR]: Current Thread: Reference Handler
[21:26:13] [Spigot Watchdog Thread/ERROR]: 	PID: 9 | Suspended: false | Native: false | State: RUNNABLE
[21:26:13] [Spigot Watchdog Thread/ERROR]: 	Stack:
[21:26:13] [Spigot Watchdog Thread/ERROR]: 		java.base@21.0.2/java.lang.ref.Reference.waitForReferencePendingList(Native Method)
[21:26:13] [Spigot Watchdog Thread/ERROR]: 		java.base@21.0.2/java.lang.ref.Reference.processPendingReferences(Reference.java:246)
[21:26:13] [Spigot Watchdog Thread/ERROR]: 		java.base@21.0.2/java.lang.ref.Reference$ReferenceHandler.run(Reference.java:208)
[21:26:13] [Spigot Watchdog Thread/ERROR]: ------------------------------
[21:26:13] [Spigot Watchdog Thread/ERROR]: Current Thread: Finalizer
[21:26:13] [Spigot Watchdog Thread/ERROR]: 	PID: 10 | Suspended: false | Native: false | State: WAITING
[21:26:13] [Spigot Watchdog Thread/ERROR]: 	Stack:
[21:26:13] [Spigot Watchdog Thread/ERROR]: 		java.base@21.0.2/java.lang.Object.wait0(Native Method)
[21:26:13] [Spigot Watchdog Thread/ERROR]: 		java.base@21.0.2/java.lang.Object.wait(Object.java:366)
[21:26:13] [Spigot Watchdog Thread/ERROR]: 		java.base@21.0.2/java.lang.Object.wait(Object.java:339)
[21:26:13] [Spigot Watchdog Thread/ERROR]: 		java.base@21.0.2/java.lang.ref.NativeReferenceQueue.await(NativeReferenceQueue.java:48)
[21:26:13] [Spigot Watchdog Thread/ERROR]: 		java.base@21.0.2/java.lang.ref.ReferenceQueue.remove0(ReferenceQueue.java:158)
[21:26:13] [Spigot Watchdog Thread/ERROR]: 		java.base@21.0.2/java.lang.ref.NativeReferenceQueue.remove(NativeReferenceQueue.java:89)
[21:26:13] [Spigot Watchdog Thread/ERROR]: 		java.base@21.0.2/java.lang.ref.Finalizer$FinalizerThread.run(Finalizer.java:173)
[21:26:13] [Spigot Watchdog Thread/ERROR]: ------------------------------
[21:26:13] [Spigot Watchdog Thread/ERROR]: Current Thread: Signal Dispatcher
[21:26:13] [Spigot Watchdog Thread/ERROR]: 	PID: 11 | Suspended: false | Native: false | State: RUNNABLE
[21:26:13] [Spigot Watchdog Thread/ERROR]: 	Stack:
[21:26:13] [Spigot Watchdog Thread/ERROR]: ------------------------------
[21:26:13] [Spigot Watchdog Thread/ERROR]: Current Thread: Notification Thread
[21:26:13] [Spigot Watchdog Thread/ERROR]: 	PID: 16 | Suspended: false | Native: false | State: RUNNABLE
[21:26:13] [Spigot Watchdog Thread/ERROR]: 	Stack:
[21:26:13] [Spigot Watchdog Thread/ERROR]: ------------------------------
[21:26:13] [Spigot Watchdog Thread/ERROR]: Current Thread: Common-Cleaner
[21:26:13] [Spigot Watchdog Thread/ERROR]: 	PID: 17 | Suspended: false | Native: false | State: TIMED_WAITING
[21:26:13] [Spigot Watchdog Thread/ERROR]: 	Stack:
[21:26:13] [Spigot Watchdog Thread/ERROR]: 		java.base@21.0.2/jdk.internal.misc.Unsafe.park(Native Method)
[21:26:13] [Spigot Watchdog Thread/ERROR]: 		java.base@21.0.2/java.util.concurrent.locks.LockSupport.parkNanos(LockSupport.java:269)
[21:26:13] [Spigot Watchdog Thread/ERROR]: 		java.base@21.0.2/java.util.concurrent.locks.AbstractQueuedSynchronizer$ConditionObject.await(AbstractQueuedSynchronizer.java:1847)
[21:26:13] [Spigot Watchdog Thread/ERROR]: 		java.base@21.0.2/java.lang.ref.ReferenceQueue.await(ReferenceQueue.java:71)
[21:26:13] [Spigot Watchdog Thread/ERROR]: 		java.base@21.0.2/java.lang.ref.ReferenceQueue.remove0(ReferenceQueue.java:143)
[21:26:13] [Spigot Watchdog Thread/ERROR]: 		java.base@21.0.2/java.lang.ref.ReferenceQueue.remove(ReferenceQueue.java:218)
[21:26:13] [Spigot Watchdog Thread/ERROR]: 		java.base@21.0.2/jdk.internal.ref.CleanerImpl.run(CleanerImpl.java:140)
[21:26:13] [Spigot Watchdog Thread/ERROR]: 		java.base@21.0.2/java.lang.Thread.runWith(Thread.java:1596)
[21:26:13] [Spigot Watchdog Thread/ERROR]: 		java.base@21.0.2/java.lang.Thread.run(Thread.java:1583)
[21:26:13] [Spigot Watchdog Thread/ERROR]: 		java.base@21.0.2/jdk.internal.misc.InnocuousThread.run(InnocuousThread.java:186)
[21:26:13] [Spigot Watchdog Thread/ERROR]: ------------------------------
[21:26:13] [Spigot Watchdog Thread/ERROR]: Current Thread: DestroyJavaVM
[21:26:13] [Spigot Watchdog Thread/ERROR]: 	PID: 19 | Suspended: false | Native: false | State: RUNNABLE
[21:26:13] [Spigot Watchdog Thread/ERROR]: 	Stack:
[21:26:13] [Spigot Watchdog Thread/ERROR]: ------------------------------
[21:26:13] [Spigot Watchdog Thread/ERROR]: Current Thread: JNA Cleaner
[21:26:13] [Spigot Watchdog Thread/ERROR]: 	PID: 24 | Suspended: false | Native: false | State: WAITING
[21:26:13] [Spigot Watchdog Thread/ERROR]: 	Stack:
[21:26:13] [Spigot Watchdog Thread/ERROR]: 		java.base@21.0.2/jdk.internal.misc.Unsafe.park(Native Method)
[21:26:13] [Spigot Watchdog Thread/ERROR]: 		java.base@21.0.2/java.util.concurrent.locks.LockSupport.park(LockSupport.java:371)
[21:26:13] [Spigot Watchdog Thread/ERROR]: 		java.base@21.0.2/java.util.concurrent.locks.AbstractQueuedSynchronizer$ConditionNode.block(AbstractQueuedSynchronizer.java:519)
[21:26:13] [Spigot Watchdog Thread/ERROR]: 		java.base@21.0.2/java.util.concurrent.ForkJoinPool.unmanagedBlock(ForkJoinPool.java:3780)
[21:26:13] [Spigot Watchdog Thread/ERROR]: 		java.base@21.0.2/java.util.concurrent.ForkJoinPool.managedBlock(ForkJoinPool.java:3725)
[21:26:13] [Spigot Watchdog Thread/ERROR]: 		java.base@21.0.2/java.util.concurrent.locks.AbstractQueuedSynchronizer$ConditionObject.await(AbstractQueuedSynchronizer.java:1707)
[21:26:13] [Spigot Watchdog Thread/ERROR]: 		java.base@21.0.2/java.lang.ref.ReferenceQueue.await(ReferenceQueue.java:67)
[21:26:13] [Spigot Watchdog Thread/ERROR]: 		java.base@21.0.2/java.lang.ref.ReferenceQueue.remove0(ReferenceQueue.java:158)
[21:26:13] [Spigot Watchdog Thread/ERROR]: 		java.base@21.0.2/java.lang.ref.ReferenceQueue.remove(ReferenceQueue.java:234)
[21:26:13] [Spigot Watchdog Thread/ERROR]: 		com.sun.jna.internal.Cleaner$1.run(Cleaner.java:58)
[21:26:13] [Spigot Watchdog Thread/ERROR]: ------------------------------
[21:26:13] [Spigot Watchdog Thread/ERROR]: Current Thread: Timer hack thread
[21:26:13] [Spigot Watchdog Thread/ERROR]: 	PID: 26 | Suspended: false | Native: false | State: TIMED_WAITING
[21:26:13] [Spigot Watchdog Thread/ERROR]: 	Stack:
[21:26:13] [Spigot Watchdog Thread/ERROR]: 		java.base@21.0.2/java.lang.Thread.sleep0(Native Method)
[21:26:13] [Spigot Watchdog Thread/ERROR]: 		java.base@21.0.2/java.lang.Thread.sleep(Thread.java:509)
[21:26:13] [Spigot Watchdog Thread/ERROR]: 		net.minecraft.SystemUtils$9.run(SourceFile:840)
[21:26:13] [Spigot Watchdog Thread/ERROR]: ------------------------------
[21:26:13] [Spigot Watchdog Thread/ERROR]: Current Thread: Yggdrasil Key Fetcher
[21:26:13] [Spigot Watchdog Thread/ERROR]: 	PID: 27 | Suspended: false | Native: false | State: TIMED_WAITING
[21:26:13] [Spigot Watchdog Thread/ERROR]: 	Stack:
[21:26:13] [Spigot Watchdog Thread/ERROR]: 		java.base@21.0.2/jdk.internal.misc.Unsafe.park(Native Method)
[21:26:13] [Spigot Watchdog Thread/ERROR]: 		java.base@21.0.2/java.util.concurrent.locks.LockSupport.parkNanos(LockSupport.java:269)
[21:26:13] [Spigot Watchdog Thread/ERROR]: 		java.base@21.0.2/java.util.concurrent.locks.AbstractQueuedSynchronizer$ConditionObject.awaitNanos(AbstractQueuedSynchronizer.java:1758)
[21:26:13] [Spigot Watchdog Thread/ERROR]: 		java.base@21.0.2/java.util.concurrent.ScheduledThreadPoolExecutor$DelayedWorkQueue.take(ScheduledThreadPoolExecutor.java:1182)
[21:26:13] [Spigot Watchdog Thread/ERROR]: 		java.base@21.0.2/java.util.concurrent.ScheduledThreadPoolExecutor$DelayedWorkQueue.take(ScheduledThreadPoolExecutor.java:899)
[21:26:13] [Spigot Watchdog Thread/ERROR]: 		java.base@21.0.2/java.util.concurrent.ThreadPoolExecutor.getTask(ThreadPoolExecutor.java:1070)
[21:26:13] [Spigot Watchdog Thread/ERROR]: 		java.base@21.0.2/java.util.concurrent.ThreadPoolExecutor.runWorker(ThreadPoolExecutor.java:1130)
[21:26:13] [Spigot Watchdog Thread/ERROR]: 		java.base@21.0.2/java.util.concurrent.ThreadPoolExecutor$Worker.run(ThreadPoolExecutor.java:642)
[21:26:13] [Spigot Watchdog Thread/ERROR]: 		java.base@21.0.2/java.lang.Thread.runWith(Thread.java:1596)
[21:26:13] [Spigot Watchdog Thread/ERROR]: 		java.base@21.0.2/java.lang.Thread.run(Thread.java:1583)
[21:26:13] [Spigot Watchdog Thread/ERROR]: ------------------------------
[21:26:13] [Spigot Watchdog Thread/ERROR]: Current Thread: NonBlockingInputStreamThread
[21:26:13] [Spigot Watchdog Thread/ERROR]: 	PID: 33 | Suspended: false | Native: false | State: WAITING
[21:26:13] [Spigot Watchdog Thread/ERROR]: 	Stack:
[21:26:13] [Spigot Watchdog Thread/ERROR]: 		java.base@21.0.2/java.lang.Object.wait0(Native Method)
[21:26:13] [Spigot Watchdog Thread/ERROR]: 		java.base@21.0.2/java.lang.Object.wait(Object.java:366)
[21:26:13] [Spigot Watchdog Thread/ERROR]: 		jline.internal.NonBlockingInputStream.run(NonBlockingInputStream.java:278)
[21:26:13] [Spigot Watchdog Thread/ERROR]: 		java.base@21.0.2/java.lang.Thread.runWith(Thread.java:1596)
[21:26:13] [Spigot Watchdog Thread/ERROR]: 		java.base@21.0.2/java.lang.Thread.run(Thread.java:1583)
[21:26:13] [Spigot Watchdog Thread/ERROR]: ------------------------------
[21:26:13] [Spigot Watchdog Thread/ERROR]: Current Thread: Server thread
[21:26:13] [Spigot Watchdog Thread/ERROR]: 	PID: 31 | Suspended: false | Native: false | State: WAITING
[21:26:13] [Spigot Watchdog Thread/ERROR]: 	Stack:
[21:26:13] [Spigot Watchdog Thread/ERROR]: 		java.base@21.0.2/jdk.internal.misc.Unsafe.park(Native Method)
[21:26:13] [Spigot Watchdog Thread/ERROR]: 		java.base@21.0.2/java.util.concurrent.locks.LockSupport.park(LockSupport.java:221)
[21:26:13] [Spigot Watchdog Thread/ERROR]: 		java.base@21.0.2/java.util.concurrent.CompletableFuture$Signaller.block(CompletableFuture.java:1864)
[21:26:13] [Spigot Watchdog Thread/ERROR]: 		java.base@21.0.2/java.util.concurrent.ForkJoinPool.unmanagedBlock(ForkJoinPool.java:3780)
[21:26:13] [Spigot Watchdog Thread/ERROR]: 		java.base@21.0.2/java.util.concurrent.ForkJoinPool.managedBlock(ForkJoinPool.java:3725)
[21:26:13] [Spigot Watchdog Thread/ERROR]: 		java.base@21.0.2/java.util.concurrent.CompletableFuture.waitingGet(CompletableFuture.java:1898)
[21:26:13] [Spigot Watchdog Thread/ERROR]: 		java.base@21.0.2/java.util.concurrent.CompletableFuture.join(CompletableFuture.java:2117)
[21:26:13] [Spigot Watchdog Thread/ERROR]: 		net.minecraft.world.level.chunk.storage.IChunkLoader.o(IChunkLoader.java:171)
[21:26:13] [Spigot Watchdog Thread/ERROR]: 		net.minecraft.server.level.PlayerChunkMap.a(PlayerChunkMap.java:517)
[21:26:13] [Spigot Watchdog Thread/ERROR]: 		net.minecraft.server.level.ChunkProviderServer.a(ChunkProviderServer.java:348)
[21:26:13] [Spigot Watchdog Thread/ERROR]: 		net.minecraft.server.level.WorldServer.a(WorldServer.java:924)
[21:26:13] [Spigot Watchdog Thread/ERROR]: 		net.minecraft.server.MinecraftServer.a(MinecraftServer.java:778)
[21:26:13] [Spigot Watchdog Thread/ERROR]: 		net.minecraft.server.MinecraftServer.t(MinecraftServer.java:890)
[21:26:13] [Spigot Watchdog Thread/ERROR]: 		net.minecraft.server.dedicated.DedicatedServer.t(DedicatedServer.java:697)
[21:26:13] [Spigot Watchdog Thread/ERROR]: 		net.minecraft.server.MinecraftServer.w(MinecraftServer.java:1029)
[21:26:13] [Spigot Watchdog Thread/ERROR]: 		net.minecraft.server.MinecraftServer.lambda$0(MinecraftServer.java:298)
[21:26:13] [Spigot Watchdog Thread/ERROR]: 		net.minecraft.server.MinecraftServer$$Lambda/0x000070de089b8000.run(Unknown Source)
[21:26:13] [Spigot Watchdog Thread/ERROR]: 		java.base@21.0.2/java.lang.Thread.runWith(Thread.java:1596)
[21:26:13] [Spigot Watchdog Thread/ERROR]: 		java.base@21.0.2/java.lang.Thread.run(Thread.java:1583)
[21:26:13] [Spigot Watchdog Thread/ERROR]: ------------------------------
[21:26:13] [Spigot Watchdog Thread/ERROR]: Current Thread: TerminalConsoleWriter
[21:26:13] [Spigot Watchdog Thread/ERROR]: 	PID: 36 | Suspended: false | Native: false | State: RUNNABLE
[21:26:13] [Spigot Watchdog Thread/ERROR]: 	Stack:
[21:26:13] [Spigot Watchdog Thread/ERROR]: 		java.base@21.0.2/java.lang.ProcessImpl.forkAndExec(Native Method)
[21:26:13] [Spigot Watchdog Thread/ERROR]: 		java.base@21.0.2/java.lang.ProcessImpl.<init>(ProcessImpl.java:295)
[21:26:13] [Spigot Watchdog Thread/ERROR]: 		java.base@21.0.2/java.lang.ProcessImpl.start(ProcessImpl.java:225)
[21:26:13] [Spigot Watchdog Thread/ERROR]: 		java.base@21.0.2/java.lang.ProcessBuilder.start(ProcessBuilder.java:1126)
[21:26:13] [Spigot Watchdog Thread/ERROR]: 		java.base@21.0.2/java.lang.ProcessBuilder.start(ProcessBuilder.java:1089)
[21:26:13] [Spigot Watchdog Thread/ERROR]: 		java.base@21.0.2/java.lang.Runtime.exec(Runtime.java:681)
[21:26:13] [Spigot Watchdog Thread/ERROR]: 		java.base@21.0.2/java.lang.Runtime.exec(Runtime.java:530)
[21:26:13] [Spigot Watchdog Thread/ERROR]: 		jline.internal.TerminalLineSettings.exec(TerminalLineSettings.java:196)
[21:26:13] [Spigot Watchdog Thread/ERROR]: 		jline.internal.TerminalLineSettings.exec(TerminalLineSettings.java:186)
[21:26:13] [Spigot Watchdog Thread/ERROR]: 		jline.internal.TerminalLineSettings.stty(TerminalLineSettings.java:181)
[21:26:13] [Spigot Watchdog Thread/ERROR]: 		jline.internal.TerminalLineSettings.get(TerminalLineSettings.java:74)
[21:26:13] [Spigot Watchdog Thread/ERROR]: 		jline.internal.TerminalLineSettings.getProperty(TerminalLineSettings.java:95)
[21:26:13] [Spigot Watchdog Thread/ERROR]: 		jline.UnixTerminal.getWidth(UnixTerminal.java:76)
[21:26:13] [Spigot Watchdog Thread/ERROR]: 		jline.console.ConsoleReader.drawBuffer(ConsoleReader.java:879)
[21:26:13] [Spigot Watchdog Thread/ERROR]: 		jline.console.ConsoleReader.drawBuffer(ConsoleReader.java:898)
[21:26:13] [Spigot Watchdog Thread/ERROR]: 		jline.console.ConsoleReader.drawLine(ConsoleReader.java:608)
[21:26:13] [Spigot Watchdog Thread/ERROR]: 		org.bukkit.craftbukkit.v1_20_R2.util.TerminalConsoleWriterThread.run(TerminalConsoleWriterThread.java:44)
[21:26:13] [Spigot Watchdog Thread/ERROR]: ------------------------------
[21:26:13] [Spigot Watchdog Thread/ERROR]: Current Thread: Server console handler
[21:26:13] [Spigot Watchdog Thread/ERROR]: 	PID: 35 | Suspended: false | Native: true | State: RUNNABLE
[21:26:13] [Spigot Watchdog Thread/ERROR]: 	Thread is waiting on monitor(s):
[21:26:13] [Spigot Watchdog Thread/ERROR]: 		Locked on:jline.internal.NonBlockingInputStream.read(NonBlockingInputStream.java:169)
[21:26:13] [Spigot Watchdog Thread/ERROR]: 		Locked on:jline.internal.InputStreamReader.read(InputStreamReader.java:261)
[21:26:13] [Spigot Watchdog Thread/ERROR]: 		Locked on:jline.internal.InputStreamReader.read(InputStreamReader.java:198)
[21:26:13] [Spigot Watchdog Thread/ERROR]: 	Stack:
[21:26:13] [Spigot Watchdog Thread/ERROR]: 		java.base@21.0.2/java.io.FileInputStream.readBytes(Native Method)
[21:26:13] [Spigot Watchdog Thread/ERROR]: 		java.base@21.0.2/java.io.FileInputStream.read(FileInputStream.java:287)
[21:26:13] [Spigot Watchdog Thread/ERROR]: 		java.base@21.0.2/java.io.BufferedInputStream.fill(BufferedInputStream.java:291)
[21:26:13] [Spigot Watchdog Thread/ERROR]: 		java.base@21.0.2/java.io.BufferedInputStream.implRead(BufferedInputStream.java:325)
[21:26:13] [Spigot Watchdog Thread/ERROR]: 		java.base@21.0.2/java.io.BufferedInputStream.read(BufferedInputStream.java:312)
[21:26:13] [Spigot Watchdog Thread/ERROR]: 		jline.internal.NonBlockingInputStream.read(NonBlockingInputStream.java:169)
[21:26:13] [Spigot Watchdog Thread/ERROR]: 		jline.internal.NonBlockingInputStream.read(NonBlockingInputStream.java:137)
[21:26:13] [Spigot Watchdog Thread/ERROR]: 		jline.internal.NonBlockingInputStream.read(NonBlockingInputStream.java:246)
[21:26:13] [Spigot Watchdog Thread/ERROR]: 		jline.internal.InputStreamReader.read(InputStreamReader.java:261)
[21:26:13] [Spigot Watchdog Thread/ERROR]: 		jline.internal.InputStreamReader.read(InputStreamReader.java:198)
[21:26:13] [Spigot Watchdog Thread/ERROR]: 		jline.console.ConsoleReader.readCharacter(ConsoleReader.java:2145)
[21:26:13] [Spigot Watchdog Thread/ERROR]: 		jline.console.ConsoleReader.readLine(ConsoleReader.java:2349)
[21:26:13] [Spigot Watchdog Thread/ERROR]: 		net.minecraft.server.dedicated.DedicatedServer$1.run(DedicatedServer.java:117)
[21:26:13] [Spigot Watchdog Thread/ERROR]: ------------------------------
[21:26:13] [Spigot Watchdog Thread/ERROR]: Current Thread: Spigot Watchdog Thread
[21:26:13] [Spigot Watchdog Thread/ERROR]: 	PID: 37 | Suspended: false | Native: false | State: RUNNABLE
[21:26:13] [Spigot Watchdog Thread/ERROR]: 	Stack:
[21:26:13] [Spigot Watchdog Thread/ERROR]: 		java.management@21.0.2/sun.management.ThreadImpl.dumpThreads0(Native Method)
[21:26:13] [Spigot Watchdog Thread/ERROR]: 		java.management@21.0.2/sun.management.ThreadImpl.dumpAllThreads(ThreadImpl.java:518)
[21:26:13] [Spigot Watchdog Thread/ERROR]: 		java.management@21.0.2/sun.management.ThreadImpl.dumpAllThreads(ThreadImpl.java:506)
[21:26:13] [Spigot Watchdog Thread/ERROR]: 		org.spigotmc.WatchdogThread.run(WatchdogThread.java:90)
[21:26:13] [Spigot Watchdog Thread/ERROR]: ------------------------------
[21:26:13] [Spigot Watchdog Thread/ERROR]: Current Thread: Spigot Metrics Thread
[21:26:13] [Spigot Watchdog Thread/ERROR]: 	PID: 38 | Suspended: false | Native: false | State: TIMED_WAITING
[21:26:13] [Spigot Watchdog Thread/ERROR]: 	Stack:
[21:26:13] [Spigot Watchdog Thread/ERROR]: 		java.base@21.0.2/java.lang.Object.wait0(Native Method)
[21:26:13] [Spigot Watchdog Thread/ERROR]: 		java.base@21.0.2/java.lang.Object.wait(Object.java:366)
[21:26:13] [Spigot Watchdog Thread/ERROR]: 		java.base@21.0.2/java.util.TimerThread.mainLoop(Timer.java:563)
[21:26:13] [Spigot Watchdog Thread/ERROR]: 		java.base@21.0.2/java.util.TimerThread.run(Timer.java:516)
[21:26:13] [Spigot Watchdog Thread/ERROR]: ------------------------------
[21:26:13] [Spigot Watchdog Thread/ERROR]: Current Thread: Netty Epoll Server IO #0
[21:26:13] [Spigot Watchdog Thread/ERROR]: 	PID: 39 | Suspended: false | Native: true | State: RUNNABLE
[21:26:13] [Spigot Watchdog Thread/ERROR]: 	Stack:
[21:26:13] [Spigot Watchdog Thread/ERROR]: 		io.netty.channel.epoll.Native.epollWait(Native Method)
[21:26:13] [Spigot Watchdog Thread/ERROR]: 		io.netty.channel.epoll.Native.epollWait(Native.java:209)
[21:26:13] [Spigot Watchdog Thread/ERROR]: 		io.netty.channel.epoll.Native.epollWait(Native.java:202)
[21:26:13] [Spigot Watchdog Thread/ERROR]: 		io.netty.channel.epoll.EpollEventLoop.epollWaitNoTimerChange(EpollEventLoop.java:316)
[21:26:13] [Spigot Watchdog Thread/ERROR]: 		io.netty.channel.epoll.EpollEventLoop.run(EpollEventLoop.java:373)
[21:26:13] [Spigot Watchdog Thread/ERROR]: 		io.netty.util.concurrent.SingleThreadEventExecutor$4.run(SingleThreadEventExecutor.java:997)
[21:26:13] [Spigot Watchdog Thread/ERROR]: 		io.netty.util.internal.ThreadExecutorMap$2.run(ThreadExecutorMap.java:74)
[21:26:13] [Spigot Watchdog Thread/ERROR]: 		java.base@21.0.2/java.lang.Thread.runWith(Thread.java:1596)
[21:26:13] [Spigot Watchdog Thread/ERROR]: 		java.base@21.0.2/java.lang.Thread.run(Thread.java:1583)
[21:26:13] [Spigot Watchdog Thread/ERROR]: ------------------------------
[21:26:13] [Spigot Watchdog Thread/ERROR]: Current Thread: IO-Worker-4
[21:26:13] [Spigot Watchdog Thread/ERROR]: 	PID: 54 | Suspended: false | Native: false | State: TIMED_WAITING
[21:26:13] [Spigot Watchdog Thread/ERROR]: 	Stack:
[21:26:13] [Spigot Watchdog Thread/ERROR]: 		java.base@21.0.2/jdk.internal.misc.Unsafe.park(Native Method)
[21:26:13] [Spigot Watchdog Thread/ERROR]: 		java.base@21.0.2/java.util.concurrent.locks.LockSupport.parkNanos(LockSupport.java:410)
[21:26:13] [Spigot Watchdog Thread/ERROR]: 		java.base@21.0.2/java.util.concurrent.LinkedTransferQueue$DualNode.await(LinkedTransferQueue.java:452)
[21:26:13] [Spigot Watchdog Thread/ERROR]: 		java.base@21.0.2/java.util.concurrent.SynchronousQueue$Transferer.xferLifo(SynchronousQueue.java:194)
[21:26:13] [Spigot Watchdog Thread/ERROR]: 		java.base@21.0.2/java.util.concurrent.SynchronousQueue.xfer(SynchronousQueue.java:233)
[21:26:13] [Spigot Watchdog Thread/ERROR]: 		java.base@21.0.2/java.util.concurrent.SynchronousQueue.poll(SynchronousQueue.java:336)
[21:26:13] [Spigot Watchdog Thread/ERROR]: 		java.base@21.0.2/java.util.concurrent.ThreadPoolExecutor.getTask(ThreadPoolExecutor.java:1069)
[21:26:13] [Spigot Watchdog Thread/ERROR]: 		java.base@21.0.2/java.util.concurrent.ThreadPoolExecutor.runWorker(ThreadPoolExecutor.java:1130)
[21:26:13] [Spigot Watchdog Thread/ERROR]: 		java.base@21.0.2/java.util.concurrent.ThreadPoolExecutor$Worker.run(ThreadPoolExecutor.java:642)
[21:26:13] [Spigot Watchdog Thread/ERROR]: 		java.base@21.0.2/java.lang.Thread.runWith(Thread.java:1596)
[21:26:13] [Spigot Watchdog Thread/ERROR]: 		java.base@21.0.2/java.lang.Thread.run(Thread.java:1583)
[21:26:13] [Spigot Watchdog Thread/ERROR]: ------------------------------
[21:26:13] [Spigot Watchdog Thread/ERROR]: Current Thread: Worker-Main-6
[21:26:13] [Spigot Watchdog Thread/ERROR]: 	PID: 56 | Suspended: false | Native: false | State: TIMED_WAITING
[21:26:13] [Spigot Watchdog Thread/ERROR]: 	Stack:
[21:26:13] [Spigot Watchdog Thread/ERROR]: 		java.base@21.0.2/jdk.internal.misc.Unsafe.park(Native Method)
[21:26:13] [Spigot Watchdog Thread/ERROR]: 		java.base@21.0.2/java.util.concurrent.locks.LockSupport.parkUntil(LockSupport.java:449)
[21:26:13] [Spigot Watchdog Thread/ERROR]: 		java.base@21.0.2/java.util.concurrent.ForkJoinPool.awaitWork(ForkJoinPool.java:1891)
[21:26:13] [Spigot Watchdog Thread/ERROR]: 		java.base@21.0.2/java.util.concurrent.ForkJoinPool.runWorker(ForkJoinPool.java:1809)
[21:26:13] [Spigot Watchdog Thread/ERROR]: 		java.base@21.0.2/java.util.concurrent.ForkJoinWorkerThread.run(ForkJoinWorkerThread.java:188)
[21:26:13] [Spigot Watchdog Thread/ERROR]: ------------------------------
[21:26:13] [Spigot Watchdog Thread/ERROR]: Current Thread: Worker-Main-7
[21:26:13] [Spigot Watchdog Thread/ERROR]: 	PID: 57 | Suspended: false | Native: false | State: TIMED_WAITING
[21:26:13] [Spigot Watchdog Thread/ERROR]: 	Stack:
[21:26:13] [Spigot Watchdog Thread/ERROR]: 		java.base@21.0.2/jdk.internal.misc.Unsafe.park(Native Method)
[21:26:13] [Spigot Watchdog Thread/ERROR]: 		java.base@21.0.2/java.util.concurrent.locks.LockSupport.parkUntil(LockSupport.java:449)
[21:26:13] [Spigot Watchdog Thread/ERROR]: 		java.base@21.0.2/java.util.concurrent.ForkJoinPool.awaitWork(ForkJoinPool.java:1891)
[21:26:13] [Spigot Watchdog Thread/ERROR]: 		java.base@21.0.2/java.util.concurrent.ForkJoinPool.runWorker(ForkJoinPool.java:1809)
[21:26:13] [Spigot Watchdog Thread/ERROR]: 		java.base@21.0.2/java.util.concurrent.ForkJoinWorkerThread.run(ForkJoinWorkerThread.java:188)
[21:26:13] [Spigot Watchdog Thread/ERROR]: ------------------------------
[21:26:13] [Spigot Watchdog Thread/ERROR]: Current Thread: IO-Worker-9
[21:26:13] [Spigot Watchdog Thread/ERROR]: 	PID: 59 | Suspended: false | Native: false | State: RUNNABLE
[21:26:13] [Spigot Watchdog Thread/ERROR]: 	Thread is waiting on monitor(s):
[21:26:13] [Spigot Watchdog Thread/ERROR]: 		Locked on:net.minecraft.world.level.chunk.storage.RegionFile.a(RegionFile.java:333)
[21:26:13] [Spigot Watchdog Thread/ERROR]: 	Stack:
[21:26:13] [Spigot Watchdog Thread/ERROR]: 		java.base@21.0.2/sun.nio.ch.UnixFileDispatcherImpl.pwrite0(Native Method)
[21:26:13] [Spigot Watchdog Thread/ERROR]: 		java.base@21.0.2/sun.nio.ch.UnixFileDispatcherImpl.pwrite(UnixFileDispatcherImpl.java:71)
[21:26:13] [Spigot Watchdog Thread/ERROR]: 		java.base@21.0.2/sun.nio.ch.IOUtil.writeFromNativeBuffer(IOUtil.java:135)
[21:26:13] [Spigot Watchdog Thread/ERROR]: 		java.base@21.0.2/sun.nio.ch.IOUtil.write(IOUtil.java:81)
[21:26:13] [Spigot Watchdog Thread/ERROR]: 		java.base@21.0.2/sun.nio.ch.IOUtil.write(IOUtil.java:72)
[21:26:13] [Spigot Watchdog Thread/ERROR]: 		java.base@21.0.2/sun.nio.ch.FileChannelImpl.writeInternal(FileChannelImpl.java:1028)
[21:26:13] [Spigot Watchdog Thread/ERROR]: 		java.base@21.0.2/sun.nio.ch.FileChannelImpl.write(FileChannelImpl.java:1012)
[21:26:13] [Spigot Watchdog Thread/ERROR]: 		net.minecraft.world.level.chunk.storage.RegionFile.d(RegionFile.java:380)
[21:26:13] [Spigot Watchdog Thread/ERROR]: 		net.minecraft.world.level.chunk.storage.RegionFile.a(RegionFile.java:333)
[21:26:13] [Spigot Watchdog Thread/ERROR]: 		net.minecraft.world.level.chunk.storage.RegionFile$ChunkBuffer.close(RegionFile.java:439)
[21:26:13] [Spigot Watchdog Thread/ERROR]: 		java.base@21.0.2/java.util.zip.DeflaterOutputStream.close(DeflaterOutputStream.java:249)
[21:26:13] [Spigot Watchdog Thread/ERROR]: 		java.base@21.0.2/java.io.FilterOutputStream.close(FilterOutputStream.java:190)
[21:26:13] [Spigot Watchdog Thread/ERROR]: 		java.base@21.0.2/java.io.FilterOutputStream.close(FilterOutputStream.java:190)
[21:26:13] [Spigot Watchdog Thread/ERROR]: 		net.minecraft.world.level.chunk.storage.RegionFileCache.a(RegionFileCache.java:156)
[21:26:13] [Spigot Watchdog Thread/ERROR]: 		net.minecraft.world.level.chunk.storage.IOWorker.a(SourceFile:260)
[21:26:13] [Spigot Watchdog Thread/ERROR]: 		net.minecraft.world.level.chunk.storage.IOWorker.a(SourceFile:250)
[21:26:13] [Spigot Watchdog Thread/ERROR]: 		net.minecraft.world.level.chunk.storage.IOWorker$$Lambda/0x000070de08ce39e0.run(Unknown Source)
[21:26:13] [Spigot Watchdog Thread/ERROR]: 		net.minecraft.util.thread.PairedQueue$b.run(SourceFile:60)
[21:26:13] [Spigot Watchdog Thread/ERROR]: 		net.minecraft.util.thread.ThreadedMailbox.h(SourceFile:91)
[21:26:13] [Spigot Watchdog Thread/ERROR]: 		net.minecraft.util.thread.ThreadedMailbox.a(SourceFile:146)
[21:26:13] [Spigot Watchdog Thread/ERROR]: 		net.minecraft.util.thread.ThreadedMailbox.run(SourceFile:102)
[21:26:13] [Spigot Watchdog Thread/ERROR]: 		java.base@21.0.2/java.util.concurrent.ThreadPoolExecutor.runWorker(ThreadPoolExecutor.java:1144)
[21:26:13] [Spigot Watchdog Thread/ERROR]: 		java.base@21.0.2/java.util.concurrent.ThreadPoolExecutor$Worker.run(ThreadPoolExecutor.java:642)
[21:26:13] [Spigot Watchdog Thread/ERROR]: 		java.base@21.0.2/java.lang.Thread.runWith(Thread.java:1596)
[21:26:13] [Spigot Watchdog Thread/ERROR]: 		java.base@21.0.2/java.lang.Thread.run(Thread.java:1583)
[21:26:13] [Spigot Watchdog Thread/ERROR]: ------------------------------
[21:26:13] [Spigot Watchdog Thread/ERROR]: Current Thread: IO-Worker-10
[21:26:13] [Spigot Watchdog Thread/ERROR]: 	PID: 60 | Suspended: false | Native: false | State: TIMED_WAITING
[21:26:13] [Spigot Watchdog Thread/ERROR]: 	Stack:
[21:26:13] [Spigot Watchdog Thread/ERROR]: 		java.base@21.0.2/jdk.internal.misc.Unsafe.park(Native Method)
[21:26:13] [Spigot Watchdog Thread/ERROR]: 		java.base@21.0.2/java.util.concurrent.locks.LockSupport.parkNanos(LockSupport.java:410)
[21:26:13] [Spigot Watchdog Thread/ERROR]: 		java.base@21.0.2/java.util.concurrent.LinkedTransferQueue$DualNode.await(LinkedTransferQueue.java:452)
[21:26:13] [Spigot Watchdog Thread/ERROR]: 		java.base@21.0.2/java.util.concurrent.SynchronousQueue$Transferer.xferLifo(SynchronousQueue.java:194)
[21:26:13] [Spigot Watchdog Thread/ERROR]: 		java.base@21.0.2/java.util.concurrent.SynchronousQueue.xfer(SynchronousQueue.java:233)
[21:26:13] [Spigot Watchdog Thread/ERROR]: 		java.base@21.0.2/java.util.concurrent.SynchronousQueue.poll(SynchronousQueue.java:336)
[21:26:13] [Spigot Watchdog Thread/ERROR]: 		java.base@21.0.2/java.util.concurrent.ThreadPoolExecutor.getTask(ThreadPoolExecutor.java:1069)
[21:26:13] [Spigot Watchdog Thread/ERROR]: 		java.base@21.0.2/java.util.concurrent.ThreadPoolExecutor.runWorker(ThreadPoolExecutor.java:1130)
[21:26:13] [Spigot Watchdog Thread/ERROR]: 		java.base@21.0.2/java.util.concurrent.ThreadPoolExecutor$Worker.run(ThreadPoolExecutor.java:642)
[21:26:13] [Spigot Watchdog Thread/ERROR]: 		java.base@21.0.2/java.lang.Thread.runWith(Thread.java:1596)
[21:26:13] [Spigot Watchdog Thread/ERROR]: 		java.base@21.0.2/java.lang.Thread.run(Thread.java:1583)
[21:26:13] [Spigot Watchdog Thread/ERROR]: ------------------------------
[21:26:13] [Spigot Watchdog Thread/ERROR]: Current Thread: IO-Worker-11
[21:26:13] [Spigot Watchdog Thread/ERROR]: 	PID: 65 | Suspended: false | Native: false | State: TIMED_WAITING
[21:26:13] [Spigot Watchdog Thread/ERROR]: 	Stack:
[21:26:13] [Spigot Watchdog Thread/ERROR]: 		java.base@21.0.2/jdk.internal.misc.Unsafe.park(Native Method)
[21:26:13] [Spigot Watchdog Thread/ERROR]: 		java.base@21.0.2/java.util.concurrent.locks.LockSupport.parkNanos(LockSupport.java:410)
[21:26:13] [Spigot Watchdog Thread/ERROR]: 		java.base@21.0.2/java.util.concurrent.LinkedTransferQueue$DualNode.await(LinkedTransferQueue.java:452)
[21:26:13] [Spigot Watchdog Thread/ERROR]: 		java.base@21.0.2/java.util.concurrent.SynchronousQueue$Transferer.xferLifo(SynchronousQueue.java:194)
[21:26:13] [Spigot Watchdog Thread/ERROR]: 		java.base@21.0.2/java.util.concurrent.SynchronousQueue.xfer(SynchronousQueue.java:233)
[21:26:13] [Spigot Watchdog Thread/ERROR]: 		java.base@21.0.2/java.util.concurrent.SynchronousQueue.poll(SynchronousQueue.java:336)
[21:26:13] [Spigot Watchdog Thread/ERROR]: 		java.base@21.0.2/java.util.concurrent.ThreadPoolExecutor.getTask(ThreadPoolExecutor.java:1069)
[21:26:13] [Spigot Watchdog Thread/ERROR]: 		java.base@21.0.2/java.util.concurrent.ThreadPoolExecutor.runWorker(ThreadPoolExecutor.java:1130)
[21:26:13] [Spigot Watchdog Thread/ERROR]: 		java.base@21.0.2/java.util.concurrent.ThreadPoolExecutor$Worker.run(ThreadPoolExecutor.java:642)
[21:26:13] [Spigot Watchdog Thread/ERROR]: 		java.base@21.0.2/java.lang.Thread.runWith(Thread.java:1596)
[21:26:13] [Spigot Watchdog Thread/ERROR]: 		java.base@21.0.2/java.lang.Thread.run(Thread.java:1583)
[21:26:13] [Spigot Watchdog Thread/ERROR]: ------------------------------
[21:26:13] [Spigot Watchdog Thread/ERROR]: Current Thread: IO-Worker-12
[21:26:13] [Spigot Watchdog Thread/ERROR]: 	PID: 66 | Suspended: false | Native: false | State: RUNNABLE
[21:26:13] [Spigot Watchdog Thread/ERROR]: 	Thread is waiting on monitor(s):
[21:26:13] [Spigot Watchdog Thread/ERROR]: 		Locked on:net.minecraft.world.level.chunk.storage.RegionFile.a(RegionFile.java:328)
[21:26:13] [Spigot Watchdog Thread/ERROR]: 	Stack:
[21:26:13] [Spigot Watchdog Thread/ERROR]: 		java.base@21.0.2/sun.nio.ch.UnixFileDispatcherImpl.pwrite0(Native Method)
[21:26:13] [Spigot Watchdog Thread/ERROR]: 		java.base@21.0.2/sun.nio.ch.UnixFileDispatcherImpl.pwrite(UnixFileDispatcherImpl.java:71)
[21:26:13] [Spigot Watchdog Thread/ERROR]: 		java.base@21.0.2/sun.nio.ch.IOUtil.writeFromNativeBuffer(IOUtil.java:135)
[21:26:13] [Spigot Watchdog Thread/ERROR]: 		java.base@21.0.2/sun.nio.ch.IOUtil.write(IOUtil.java:102)
[21:26:13] [Spigot Watchdog Thread/ERROR]: 		java.base@21.0.2/sun.nio.ch.IOUtil.write(IOUtil.java:72)
[21:26:13] [Spigot Watchdog Thread/ERROR]: 		java.base@21.0.2/sun.nio.ch.FileChannelImpl.writeInternal(FileChannelImpl.java:1028)
[21:26:13] [Spigot Watchdog Thread/ERROR]: 		java.base@21.0.2/sun.nio.ch.FileChannelImpl.write(FileChannelImpl.java:1012)
[21:26:13] [Spigot Watchdog Thread/ERROR]: 		net.minecraft.world.level.chunk.storage.RegionFile.a(RegionFile.java:328)
[21:26:13] [Spigot Watchdog Thread/ERROR]: 		net.minecraft.world.level.chunk.storage.RegionFile$ChunkBuffer.close(RegionFile.java:439)
[21:26:13] [Spigot Watchdog Thread/ERROR]: 		java.base@21.0.2/java.util.zip.DeflaterOutputStream.close(DeflaterOutputStream.java:249)
[21:26:13] [Spigot Watchdog Thread/ERROR]: 		java.base@21.0.2/java.io.FilterOutputStream.close(FilterOutputStream.java:190)
[21:26:13] [Spigot Watchdog Thread/ERROR]: 		java.base@21.0.2/java.io.FilterOutputStream.close(FilterOutputStream.java:190)
[21:26:13] [Spigot Watchdog Thread/ERROR]: 		net.minecraft.world.level.chunk.storage.RegionFileCache.a(RegionFileCache.java:156)
[21:26:13] [Spigot Watchdog Thread/ERROR]: 		net.minecraft.world.level.chunk.storage.IOWorker.a(SourceFile:260)
[21:26:13] [Spigot Watchdog Thread/ERROR]: 		net.minecraft.world.level.chunk.storage.IOWorker.a(SourceFile:250)
[21:26:13] [Spigot Watchdog Thread/ERROR]: 		net.minecraft.world.level.chunk.storage.IOWorker$$Lambda/0x000070de08ce39e0.run(Unknown Source)
[21:26:13] [Spigot Watchdog Thread/ERROR]: 		net.minecraft.util.thread.PairedQueue$b.run(SourceFile:60)
[21:26:13] [Spigot Watchdog Thread/ERROR]: 		net.minecraft.util.thread.ThreadedMailbox.h(SourceFile:91)
[21:26:13] [Spigot Watchdog Thread/ERROR]: 		net.minecraft.util.thread.ThreadedMailbox.a(SourceFile:146)
[21:26:13] [Spigot Watchdog Thread/ERROR]: 		net.minecraft.util.thread.ThreadedMailbox.run(SourceFile:102)
[21:26:13] [Spigot Watchdog Thread/ERROR]: 		java.base@21.0.2/java.util.concurrent.ThreadPoolExecutor.runWorker(ThreadPoolExecutor.java:1144)
[21:26:13] [Spigot Watchdog Thread/ERROR]: 		java.base@21.0.2/java.util.concurrent.ThreadPoolExecutor$Worker.run(ThreadPoolExecutor.java:642)
[21:26:13] [Spigot Watchdog Thread/ERROR]: 		java.base@21.0.2/java.lang.Thread.runWith(Thread.java:1596)
[21:26:13] [Spigot Watchdog Thread/ERROR]: 		java.base@21.0.2/java.lang.Thread.run(Thread.java:1583)
[21:26:13] [Spigot Watchdog Thread/ERROR]: ------------------------------
